<?xml version="1.0" encoding="UTF-8"?>
<testng-results ignored="0" total="1" passed="1" failed="0" skipped="0">
  <reporter-output>
  </reporter-output>
  <suite started-at="2019-08-30T16:27:14 MDT" name="Default suite" finished-at="2019-08-30T16:27:23 MDT" duration-ms="9075">
    <groups>
    </groups>
    <test started-at="2019-08-30T16:27:14 MDT" name="Default test" finished-at="2019-08-30T16:27:23 MDT" duration-ms="9075">
      <class name="test.AddContactTest">
        <test-method signature="AddContact()[pri:0, instance:test.AddContactTest@4bd31064]" started-at="2019-08-30T16:27:14 MDT" name="AddContact" finished-at="2019-08-30T16:27:23 MDT" duration-ms="9034" status="PASS">
          <reporter-output>
          </reporter-output>
        </test-method> <!-- AddContact -->
      </class> <!-- test.AddContactTest -->
    </test> <!-- Default test -->
  </suite> <!-- Default suite -->
</testng-results>
