<?xml version="1.0" encoding="UTF-8"?>
<testng-results ignored="0" total="1" passed="1" failed="0" skipped="0">
  <reporter-output>
  </reporter-output>
  <suite started-at="2019-09-01T16:54:31 MDT" name="Default suite" finished-at="2019-09-01T16:54:39 MDT" duration-ms="8249">
    <groups>
    </groups>
    <test started-at="2019-09-01T16:54:31 MDT" name="Default test" finished-at="2019-09-01T16:54:39 MDT" duration-ms="8249">
      <class name="test.AlertPopup">
        <test-method signature="popupTest()[pri:0, instance:test.AlertPopup@12d3a4e9]" started-at="2019-09-01T16:54:31 MDT" name="popupTest" finished-at="2019-09-01T16:54:39 MDT" duration-ms="8190" status="PASS">
          <reporter-output>
          </reporter-output>
        </test-method> <!-- popupTest -->
      </class> <!-- test.AlertPopup -->
    </test> <!-- Default test -->
  </suite> <!-- Default suite -->
</testng-results>
